<?xml version="1.0" encoding="UTF-8"?>
<testng-results ignored="0" total="2" passed="2" failed="0" skipped="0">
  <reporter-output>
  </reporter-output>
  <suite started-at="2024-12-08T11:59:07 IST" name="Suite" finished-at="2024-12-08T11:59:51 IST" duration-ms="44093">
    <groups>
    </groups>
    <test started-at="2024-12-08T11:59:07 IST" name="Cart Value Test" finished-at="2024-12-08T11:59:51 IST" duration-ms="44093">
      <class name="com.global.fis.TestCases.SearchTest">
        <test-method is-config="true" signature="launchApplication()[pri:0, instance:com.global.fis.TestCases.SearchTest@2ea6e30c]" started-at="2024-12-08T11:59:07 IST" name="launchApplication" finished-at="2024-12-08T11:59:13 IST" duration-ms="6069" status="PASS">
          <reporter-output>
          </reporter-output>
        </test-method> <!-- launchApplication -->
        <test-method signature="searchProductTest(java.util.HashMap)[pri:0, instance:com.global.fis.TestCases.SearchTest@2ea6e30c]" started-at="2024-12-08T11:59:13 IST" name="searchProductTest" data-provider="getData" finished-at="2024-12-08T11:59:24 IST" duration-ms="11550" status="PASS">
          <params>
            <param index="0">
              <value>
                <![CDATA[{product=book}]]>
              </value>
            </param>
          </params>
          <reporter-output>
          </reporter-output>
        </test-method> <!-- searchProductTest -->
        <test-method is-config="true" signature="tearDown()[pri:0, instance:com.global.fis.TestCases.SearchTest@2ea6e30c]" started-at="2024-12-08T11:59:24 IST" name="tearDown" finished-at="2024-12-08T11:59:25 IST" duration-ms="474" status="PASS">
          <reporter-output>
          </reporter-output>
        </test-method> <!-- tearDown -->
        <test-method is-config="true" signature="launchApplication()[pri:0, instance:com.global.fis.TestCases.SearchTest@2ea6e30c]" started-at="2024-12-08T11:59:25 IST" name="launchApplication" finished-at="2024-12-08T11:59:29 IST" duration-ms="4131" status="PASS">
          <reporter-output>
          </reporter-output>
        </test-method> <!-- launchApplication -->
        <test-method signature="searchProductTest(java.util.HashMap)[pri:0, instance:com.global.fis.TestCases.SearchTest@2ea6e30c]" started-at="2024-12-08T11:59:29 IST" name="searchProductTest" data-provider="getData" finished-at="2024-12-08T11:59:50 IST" duration-ms="21262" status="PASS">
          <params>
            <param index="0">
              <value>
                <![CDATA[{product=car}]]>
              </value>
            </param>
          </params>
          <reporter-output>
          </reporter-output>
        </test-method> <!-- searchProductTest -->
        <test-method is-config="true" signature="tearDown()[pri:0, instance:com.global.fis.TestCases.SearchTest@2ea6e30c]" started-at="2024-12-08T11:59:50 IST" name="tearDown" finished-at="2024-12-08T11:59:51 IST" duration-ms="349" status="PASS">
          <reporter-output>
          </reporter-output>
        </test-method> <!-- tearDown -->
      </class> <!-- com.global.fis.TestCases.SearchTest -->
    </test> <!-- Cart Value Test -->
  </suite> <!-- Suite -->
</testng-results>
